{"C:\\Users\\jhont\\OneDrive\\Desktop\\Codigo\\backend\\controllers\\authController.js": {"path":"C:\\Users\\jhont\\OneDrive\\Desktop\\Codigo\\backend\\controllers\\authController.js","statementMap":{"0":{"start":{"line":2,"column":13},"end":{"line":2,"column":38}},"1":{"start":{"line":3,"column":15},"end":{"line":3,"column":34}},"2":{"start":{"line":4,"column":12},"end":{"line":4,"column":35}},"3":{"start":{"line":5,"column":29},"end":{"line":5,"column":57}},"4":{"start":{"line":6,"column":19},"end":{"line":6,"column":40}},"5":{"start":{"line":9,"column":22},"end":{"line":11,"column":1}},"6":{"start":{"line":10,"column":2},"end":{"line":10,"column":81}},"7":{"start":{"line":14,"column":0},"end":{"line":33,"column":2}},"8":{"start":{"line":15,"column":17},"end":{"line":15,"column":38}},"9":{"start":{"line":16,"column":2},"end":{"line":16,"column":81}},"10":{"start":{"line":16,"column":25},"end":{"line":16,"column":81}},"11":{"start":{"line":18,"column":65},"end":{"line":18,"column":73}},"12":{"start":{"line":20,"column":2},"end":{"line":32,"column":3}},"13":{"start":{"line":21,"column":15},"end":{"line":21,"column":44}},"14":{"start":{"line":22,"column":4},"end":{"line":22,"column":79}},"15":{"start":{"line":22,"column":14},"end":{"line":22,"column":79}},"16":{"start":{"line":24,"column":4},"end":{"line":24,"column":76}},"17":{"start":{"line":25,"column":4},"end":{"line":25,"column":22}},"18":{"start":{"line":27,"column":18},"end":{"line":27,"column":37}},"19":{"start":{"line":28,"column":4},"end":{"line":28,"column":24}},"20":{"start":{"line":30,"column":4},"end":{"line":30,"column":50}},"21":{"start":{"line":31,"column":4},"end":{"line":31,"column":62}},"22":{"start":{"line":34,"column":0},"end":{"line":46,"column":2}},"23":{"start":{"line":35,"column":2},"end":{"line":45,"column":3}},"24":{"start":{"line":37,"column":17},"end":{"line":37,"column":69}},"25":{"start":{"line":38,"column":4},"end":{"line":40,"column":5}},"26":{"start":{"line":39,"column":6},"end":{"line":39,"column":72}},"27":{"start":{"line":41,"column":4},"end":{"line":41,"column":19}},"28":{"start":{"line":43,"column":4},"end":{"line":43,"column":68}},"29":{"start":{"line":44,"column":4},"end":{"line":44,"column":62}},"30":{"start":{"line":50,"column":0},"end":{"line":72,"column":2}},"31":{"start":{"line":51,"column":30},"end":{"line":51,"column":38}},"32":{"start":{"line":53,"column":2},"end":{"line":71,"column":3}},"33":{"start":{"line":54,"column":17},"end":{"line":54,"column":46}},"34":{"start":{"line":55,"column":4},"end":{"line":55,"column":81}},"35":{"start":{"line":55,"column":15},"end":{"line":55,"column":81}},"36":{"start":{"line":57,"column":20},"end":{"line":57,"column":65}},"37":{"start":{"line":58,"column":4},"end":{"line":58,"column":84}},"38":{"start":{"line":58,"column":18},"end":{"line":58,"column":84}},"39":{"start":{"line":60,"column":18},"end":{"line":60,"column":37}},"40":{"start":{"line":63,"column":4},"end":{"line":68,"column":7}},"41":{"start":{"line":70,"column":4},"end":{"line":70,"column":62}},"42":{"start":{"line":74,"column":0},"end":{"line":87,"column":2}},"43":{"start":{"line":75,"column":17},"end":{"line":75,"column":27}},"44":{"start":{"line":77,"column":2},"end":{"line":86,"column":3}},"45":{"start":{"line":78,"column":17},"end":{"line":78,"column":60}},"46":{"start":{"line":79,"column":4},"end":{"line":81,"column":5}},"47":{"start":{"line":80,"column":6},"end":{"line":80,"column":72}},"48":{"start":{"line":82,"column":4},"end":{"line":82,"column":31}},"49":{"start":{"line":84,"column":4},"end":{"line":84,"column":57}},"50":{"start":{"line":85,"column":4},"end":{"line":85,"column":62}},"51":{"start":{"line":91,"column":0},"end":{"line":127,"column":2}},"52":{"start":{"line":92,"column":20},"end":{"line":92,"column":28}},"53":{"start":{"line":94,"column":2},"end":{"line":126,"column":3}},"54":{"start":{"line":95,"column":17},"end":{"line":95,"column":46}},"55":{"start":{"line":96,"column":4},"end":{"line":96,"column":81}},"56":{"start":{"line":96,"column":15},"end":{"line":96,"column":81}},"57":{"start":{"line":98,"column":23},"end":{"line":98,"column":95}},"58":{"start":{"line":100,"column":4},"end":{"line":100,"column":41}},"59":{"start":{"line":101,"column":4},"end":{"line":101,"column":60}},"60":{"start":{"line":102,"column":4},"end":{"line":102,"column":22}},"61":{"start":{"line":104,"column":24},"end":{"line":110,"column":6}},"62":{"start":{"line":112,"column":24},"end":{"line":118,"column":5}},"63":{"start":{"line":120,"column":4},"end":{"line":123,"column":7}},"64":{"start":{"line":121,"column":6},"end":{"line":121,"column":87}},"65":{"start":{"line":121,"column":17},"end":{"line":121,"column":87}},"66":{"start":{"line":122,"column":6},"end":{"line":122,"column":74}},"67":{"start":{"line":125,"column":4},"end":{"line":125,"column":62}}},"fnMap":{"0":{"name":"(anonymous_0)","decl":{"start":{"line":9,"column":22},"end":{"line":9,"column":23}},"loc":{"start":{"line":9,"column":32},"end":{"line":11,"column":1}},"line":9},"1":{"name":"(anonymous_1)","decl":{"start":{"line":14,"column":19},"end":{"line":14,"column":20}},"loc":{"start":{"line":14,"column":39},"end":{"line":33,"column":1}},"line":14},"2":{"name":"(anonymous_2)","decl":{"start":{"line":34,"column":21},"end":{"line":34,"column":22}},"loc":{"start":{"line":34,"column":41},"end":{"line":46,"column":1}},"line":34},"3":{"name":"(anonymous_3)","decl":{"start":{"line":50,"column":16},"end":{"line":50,"column":17}},"loc":{"start":{"line":50,"column":36},"end":{"line":72,"column":1}},"line":50},"4":{"name":"(anonymous_4)","decl":{"start":{"line":74,"column":22},"end":{"line":74,"column":23}},"loc":{"start":{"line":74,"column":42},"end":{"line":87,"column":1}},"line":74},"5":{"name":"(anonymous_5)","decl":{"start":{"line":91,"column":25},"end":{"line":91,"column":26}},"loc":{"start":{"line":91,"column":45},"end":{"line":127,"column":1}},"line":91},"6":{"name":"(anonymous_6)","decl":{"start":{"line":120,"column":38},"end":{"line":120,"column":39}},"loc":{"start":{"line":120,"column":49},"end":{"line":123,"column":5}},"line":120}},"branchMap":{"0":{"loc":{"start":{"line":16,"column":2},"end":{"line":16,"column":81}},"type":"if","locations":[{"start":{"line":16,"column":2},"end":{"line":16,"column":81}},{"start":{},"end":{}}],"line":16},"1":{"loc":{"start":{"line":22,"column":4},"end":{"line":22,"column":79}},"type":"if","locations":[{"start":{"line":22,"column":4},"end":{"line":22,"column":79}},{"start":{},"end":{}}],"line":22},"2":{"loc":{"start":{"line":38,"column":4},"end":{"line":40,"column":5}},"type":"if","locations":[{"start":{"line":38,"column":4},"end":{"line":40,"column":5}},{"start":{},"end":{}}],"line":38},"3":{"loc":{"start":{"line":55,"column":4},"end":{"line":55,"column":81}},"type":"if","locations":[{"start":{"line":55,"column":4},"end":{"line":55,"column":81}},{"start":{},"end":{}}],"line":55},"4":{"loc":{"start":{"line":58,"column":4},"end":{"line":58,"column":84}},"type":"if","locations":[{"start":{"line":58,"column":4},"end":{"line":58,"column":84}},{"start":{},"end":{}}],"line":58},"5":{"loc":{"start":{"line":79,"column":4},"end":{"line":81,"column":5}},"type":"if","locations":[{"start":{"line":79,"column":4},"end":{"line":81,"column":5}},{"start":{},"end":{}}],"line":79},"6":{"loc":{"start":{"line":96,"column":4},"end":{"line":96,"column":81}},"type":"if","locations":[{"start":{"line":96,"column":4},"end":{"line":96,"column":81}},{"start":{},"end":{}}],"line":96},"7":{"loc":{"start":{"line":121,"column":6},"end":{"line":121,"column":87}},"type":"if","locations":[{"start":{"line":121,"column":6},"end":{"line":121,"column":87}},{"start":{},"end":{}}],"line":121}},"s":{"0":1,"1":1,"2":1,"3":1,"4":1,"5":1,"6":1,"7":1,"8":0,"9":0,"10":0,"11":0,"12":0,"13":0,"14":0,"15":0,"16":0,"17":0,"18":0,"19":0,"20":0,"21":0,"22":1,"23":0,"24":0,"25":0,"26":0,"27":0,"28":0,"29":0,"30":1,"31":3,"32":3,"33":3,"34":3,"35":1,"36":2,"37":2,"38":1,"39":1,"40":1,"41":0,"42":1,"43":0,"44":0,"45":0,"46":0,"47":0,"48":0,"49":0,"50":0,"51":1,"52":0,"53":0,"54":0,"55":0,"56":0,"57":0,"58":0,"59":0,"60":0,"61":0,"62":0,"63":0,"64":0,"65":0,"66":0,"67":0},"f":{"0":1,"1":0,"2":0,"3":3,"4":0,"5":0,"6":0},"b":{"0":[0,0],"1":[0,0],"2":[0,0],"3":[1,2],"4":[1,1],"5":[0,0],"6":[0,0],"7":[0,0]},"_coverageSchema":"1a1c01bbd47fc00a2c39e90264f33305004495a9","hash":"05808b9859ea7717caa6fc2f8d869140522bbc05"}
,"C:\\Users\\jhont\\OneDrive\\Desktop\\Codigo\\backend\\controllers\\projectController.js": {"path":"C:\\Users\\jhont\\OneDrive\\Desktop\\Codigo\\backend\\controllers\\projectController.js","statementMap":{"0":{"start":{"line":2,"column":17},"end":{"line":2,"column":36}},"1":{"start":{"line":3,"column":16},"end":{"line":3,"column":44}},"2":{"start":{"line":4,"column":29},"end":{"line":4,"column":57}},"3":{"start":{"line":6,"column":0},"end":{"line":60,"column":2}},"4":{"start":{"line":7,"column":17},"end":{"line":7,"column":38}},"5":{"start":{"line":8,"column":2},"end":{"line":10,"column":3}},"6":{"start":{"line":9,"column":4},"end":{"line":9,"column":60}},"7":{"start":{"line":13,"column":19},"end":{"line":13,"column":66}},"8":{"start":{"line":15,"column":2},"end":{"line":59,"column":3}},"9":{"start":{"line":16,"column":28},"end":{"line":16,"column":30}},"10":{"start":{"line":18,"column":4},"end":{"line":53,"column":5}},"11":{"start":{"line":30,"column":10},"end":{"line":30,"column":21}},"12":{"start":{"line":33,"column":6},"end":{"line":35,"column":7}},"13":{"start":{"line":34,"column":8},"end":{"line":34,"column":87}},"14":{"start":{"line":38,"column":22},"end":{"line":49,"column":8}},"15":{"start":{"line":51,"column":27},"end":{"line":51,"column":47}},"16":{"start":{"line":52,"column":6},"end":{"line":52,"column":41}},"17":{"start":{"line":55,"column":4},"end":{"line":55,"column":42}},"18":{"start":{"line":57,"column":4},"end":{"line":57,"column":58}},"19":{"start":{"line":58,"column":4},"end":{"line":58,"column":62}},"20":{"start":{"line":63,"column":0},"end":{"line":71,"column":2}},"21":{"start":{"line":64,"column":2},"end":{"line":70,"column":3}},"22":{"start":{"line":65,"column":21},"end":{"line":65,"column":41}},"23":{"start":{"line":66,"column":4},"end":{"line":66,"column":35}},"24":{"start":{"line":68,"column":4},"end":{"line":68,"column":60}},"25":{"start":{"line":69,"column":4},"end":{"line":69,"column":62}},"26":{"start":{"line":74,"column":0},"end":{"line":89,"column":2}},"27":{"start":{"line":75,"column":19},"end":{"line":75,"column":29}},"28":{"start":{"line":77,"column":2},"end":{"line":88,"column":3}},"29":{"start":{"line":79,"column":26},"end":{"line":79,"column":49}},"30":{"start":{"line":80,"column":20},"end":{"line":80,"column":66}},"31":{"start":{"line":82,"column":4},"end":{"line":82,"column":85}},"32":{"start":{"line":82,"column":18},"end":{"line":82,"column":85}},"33":{"start":{"line":84,"column":4},"end":{"line":84,"column":22}},"34":{"start":{"line":86,"column":4},"end":{"line":86,"column":58}},"35":{"start":{"line":87,"column":4},"end":{"line":87,"column":62}},"36":{"start":{"line":92,"column":0},"end":{"line":114,"column":2}},"37":{"start":{"line":93,"column":17},"end":{"line":93,"column":27}},"38":{"start":{"line":96,"column":2},"end":{"line":98,"column":3}},"39":{"start":{"line":97,"column":4},"end":{"line":97,"column":61}},"40":{"start":{"line":100,"column":2},"end":{"line":113,"column":3}},"41":{"start":{"line":101,"column":20},"end":{"line":103,"column":42}},"42":{"start":{"line":105,"column":4},"end":{"line":107,"column":5}},"43":{"start":{"line":106,"column":6},"end":{"line":106,"column":73}},"44":{"start":{"line":109,"column":4},"end":{"line":109,"column":22}},"45":{"start":{"line":111,"column":4},"end":{"line":111,"column":58}},"46":{"start":{"line":112,"column":4},"end":{"line":112,"column":62}},"47":{"start":{"line":118,"column":0},"end":{"line":138,"column":2}},"48":{"start":{"line":119,"column":24},"end":{"line":119,"column":34}},"49":{"start":{"line":120,"column":17},"end":{"line":120,"column":28}},"50":{"start":{"line":122,"column":2},"end":{"line":137,"column":3}},"51":{"start":{"line":123,"column":20},"end":{"line":123,"column":53}},"52":{"start":{"line":124,"column":4},"end":{"line":124,"column":85}},"53":{"start":{"line":124,"column":18},"end":{"line":124,"column":85}},"54":{"start":{"line":127,"column":4},"end":{"line":129,"column":5}},"55":{"start":{"line":128,"column":6},"end":{"line":128,"column":83}},"56":{"start":{"line":131,"column":4},"end":{"line":131,"column":36}},"57":{"start":{"line":132,"column":4},"end":{"line":132,"column":25}},"58":{"start":{"line":133,"column":4},"end":{"line":133,"column":70}},"59":{"start":{"line":135,"column":4},"end":{"line":135,"column":61}},"60":{"start":{"line":136,"column":4},"end":{"line":136,"column":62}},"61":{"start":{"line":141,"column":0},"end":{"line":162,"column":2}},"62":{"start":{"line":142,"column":24},"end":{"line":142,"column":34}},"63":{"start":{"line":143,"column":22},"end":{"line":143,"column":30}},"64":{"start":{"line":144,"column":17},"end":{"line":144,"column":28}},"65":{"start":{"line":146,"column":2},"end":{"line":161,"column":3}},"66":{"start":{"line":147,"column":20},"end":{"line":147,"column":53}},"67":{"start":{"line":148,"column":4},"end":{"line":148,"column":85}},"68":{"start":{"line":148,"column":18},"end":{"line":148,"column":85}},"69":{"start":{"line":151,"column":4},"end":{"line":153,"column":5}},"70":{"start":{"line":152,"column":6},"end":{"line":152,"column":103}},"71":{"start":{"line":155,"column":4},"end":{"line":155,"column":47}},"72":{"start":{"line":156,"column":4},"end":{"line":156,"column":25}},"73":{"start":{"line":157,"column":4},"end":{"line":157,"column":77}},"74":{"start":{"line":159,"column":4},"end":{"line":159,"column":64}},"75":{"start":{"line":160,"column":4},"end":{"line":160,"column":62}},"76":{"start":{"line":165,"column":0},"end":{"line":180,"column":2}},"77":{"start":{"line":166,"column":17},"end":{"line":166,"column":27}},"78":{"start":{"line":167,"column":18},"end":{"line":167,"column":26}},"79":{"start":{"line":169,"column":2},"end":{"line":179,"column":3}},"80":{"start":{"line":171,"column":20},"end":{"line":171,"column":100}},"81":{"start":{"line":173,"column":4},"end":{"line":173,"column":85}},"82":{"start":{"line":173,"column":18},"end":{"line":173,"column":85}},"83":{"start":{"line":175,"column":4},"end":{"line":175,"column":59}},"84":{"start":{"line":177,"column":4},"end":{"line":177,"column":61}},"85":{"start":{"line":178,"column":4},"end":{"line":178,"column":62}}},"fnMap":{"0":{"name":"(anonymous_0)","decl":{"start":{"line":6,"column":24},"end":{"line":6,"column":25}},"loc":{"start":{"line":6,"column":44},"end":{"line":60,"column":1}},"line":6},"1":{"name":"(anonymous_1)","decl":{"start":{"line":63,"column":25},"end":{"line":63,"column":26}},"loc":{"start":{"line":63,"column":45},"end":{"line":71,"column":1}},"line":63},"2":{"name":"(anonymous_2)","decl":{"start":{"line":74,"column":27},"end":{"line":74,"column":28}},"loc":{"start":{"line":74,"column":47},"end":{"line":89,"column":1}},"line":74},"3":{"name":"(anonymous_3)","decl":{"start":{"line":92,"column":25},"end":{"line":92,"column":26}},"loc":{"start":{"line":92,"column":45},"end":{"line":114,"column":1}},"line":92},"4":{"name":"(anonymous_4)","decl":{"start":{"line":118,"column":25},"end":{"line":118,"column":26}},"loc":{"start":{"line":118,"column":45},"end":{"line":138,"column":1}},"line":118},"5":{"name":"(anonymous_5)","decl":{"start":{"line":141,"column":22},"end":{"line":141,"column":23}},"loc":{"start":{"line":141,"column":42},"end":{"line":162,"column":1}},"line":141},"6":{"name":"(anonymous_6)","decl":{"start":{"line":165,"column":24},"end":{"line":165,"column":25}},"loc":{"start":{"line":165,"column":44},"end":{"line":180,"column":1}},"line":165}},"branchMap":{"0":{"loc":{"start":{"line":8,"column":2},"end":{"line":10,"column":3}},"type":"if","locations":[{"start":{"line":8,"column":2},"end":{"line":10,"column":3}},{"start":{},"end":{}}],"line":8},"1":{"loc":{"start":{"line":13,"column":19},"end":{"line":13,"column":66}},"type":"cond-expr","locations":[{"start":{"line":13,"column":45},"end":{"line":13,"column":53}},{"start":{"line":13,"column":56},"end":{"line":13,"column":66}}],"line":13},"2":{"loc":{"start":{"line":33,"column":6},"end":{"line":35,"column":7}},"type":"if","locations":[{"start":{"line":33,"column":6},"end":{"line":35,"column":7}},{"start":{},"end":{}}],"line":33},"3":{"loc":{"start":{"line":82,"column":4},"end":{"line":82,"column":85}},"type":"if","locations":[{"start":{"line":82,"column":4},"end":{"line":82,"column":85}},{"start":{},"end":{}}],"line":82},"4":{"loc":{"start":{"line":96,"column":2},"end":{"line":98,"column":3}},"type":"if","locations":[{"start":{"line":96,"column":2},"end":{"line":98,"column":3}},{"start":{},"end":{}}],"line":96},"5":{"loc":{"start":{"line":105,"column":4},"end":{"line":107,"column":5}},"type":"if","locations":[{"start":{"line":105,"column":4},"end":{"line":107,"column":5}},{"start":{},"end":{}}],"line":105},"6":{"loc":{"start":{"line":124,"column":4},"end":{"line":124,"column":85}},"type":"if","locations":[{"start":{"line":124,"column":4},"end":{"line":124,"column":85}},{"start":{},"end":{}}],"line":124},"7":{"loc":{"start":{"line":127,"column":4},"end":{"line":129,"column":5}},"type":"if","locations":[{"start":{"line":127,"column":4},"end":{"line":129,"column":5}},{"start":{},"end":{}}],"line":127},"8":{"loc":{"start":{"line":148,"column":4},"end":{"line":148,"column":85}},"type":"if","locations":[{"start":{"line":148,"column":4},"end":{"line":148,"column":85}},{"start":{},"end":{}}],"line":148},"9":{"loc":{"start":{"line":151,"column":4},"end":{"line":153,"column":5}},"type":"if","locations":[{"start":{"line":151,"column":4},"end":{"line":153,"column":5}},{"start":{},"end":{}}],"line":151},"10":{"loc":{"start":{"line":151,"column":8},"end":{"line":151,"column":47}},"type":"binary-expr","locations":[{"start":{"line":151,"column":8},"end":{"line":151,"column":16}},{"start":{"line":151,"column":20},"end":{"line":151,"column":47}}],"line":151},"11":{"loc":{"start":{"line":173,"column":4},"end":{"line":173,"column":85}},"type":"if","locations":[{"start":{"line":173,"column":4},"end":{"line":173,"column":85}},{"start":{},"end":{}}],"line":173}},"s":{"0":1,"1":1,"2":1,"3":1,"4":2,"5":2,"6":0,"7":2,"8":2,"9":2,"10":2,"11":2,"12":2,"13":1,"14":1,"15":1,"16":1,"17":1,"18":0,"19":0,"20":1,"21":2,"22":2,"23":1,"24":1,"25":1,"26":1,"27":2,"28":2,"29":2,"30":2,"31":2,"32":1,"33":1,"34":0,"35":0,"36":1,"37":0,"38":0,"39":0,"40":0,"41":0,"42":0,"43":0,"44":0,"45":0,"46":0,"47":1,"48":0,"49":0,"50":0,"51":0,"52":0,"53":0,"54":0,"55":0,"56":0,"57":0,"58":0,"59":0,"60":0,"61":1,"62":0,"63":0,"64":0,"65":0,"66":0,"67":0,"68":0,"69":0,"70":0,"71":0,"72":0,"73":0,"74":0,"75":0,"76":1,"77":0,"78":0,"79":0,"80":0,"81":0,"82":0,"83":0,"84":0,"85":0},"f":{"0":2,"1":2,"2":2,"3":0,"4":0,"5":0,"6":0},"b":{"0":[0,2],"1":[0,2],"2":[1,1],"3":[1,1],"4":[0,0],"5":[0,0],"6":[0,0],"7":[0,0],"8":[0,0],"9":[0,0],"10":[0,0],"11":[0,0]},"_coverageSchema":"1a1c01bbd47fc00a2c39e90264f33305004495a9","hash":"637b980a1c1fa766c925f3db876b469453eceea2"}
,"C:\\Users\\jhont\\OneDrive\\Desktop\\Codigo\\backend\\models\\Project.js": {"path":"C:\\Users\\jhont\\OneDrive\\Desktop\\Codigo\\backend\\models\\Project.js","statementMap":{"0":{"start":{"line":1,"column":17},"end":{"line":1,"column":36}},"1":{"start":{"line":3,"column":22},"end":{"line":61,"column":2}},"2":{"start":{"line":63,"column":0},"end":{"line":63,"column":58}}},"fnMap":{},"branchMap":{},"s":{"0":1,"1":1,"2":1},"f":{},"b":{},"_coverageSchema":"1a1c01bbd47fc00a2c39e90264f33305004495a9","hash":"10bc29352deffff9a0b602f10ad47437c760a3d8"}
}
