TN:
SF:controllers\authController.js
FN:9,(anonymous_0)
FN:14,(anonymous_1)
FN:34,(anonymous_2)
FN:50,(anonymous_3)
FN:74,(anonymous_4)
FN:91,(anonymous_5)
FN:120,(anonymous_6)
FNF:7
FNH:2
FNDA:1,(anonymous_0)
FNDA:0,(anonymous_1)
FNDA:0,(anonymous_2)
FNDA:3,(anonymous_3)
FNDA:0,(anonymous_4)
FNDA:0,(anonymous_5)
FNDA:0,(anonymous_6)
DA:2,1
DA:3,1
DA:4,1
DA:5,1
DA:6,1
DA:9,1
DA:10,1
DA:14,1
DA:15,0
DA:16,0
DA:18,0
DA:20,0
DA:21,0
DA:22,0
DA:24,0
DA:25,0
DA:27,0
DA:28,0
DA:30,0
DA:31,0
DA:34,1
DA:35,0
DA:37,0
DA:38,0
DA:39,0
DA:41,0
DA:43,0
DA:44,0
DA:50,1
DA:51,3
DA:53,3
DA:54,3
DA:55,3
DA:57,2
DA:58,2
DA:60,1
DA:63,1
DA:70,0
DA:74,1
DA:75,0
DA:77,0
DA:78,0
DA:79,0
DA:80,0
DA:82,0
DA:84,0
DA:85,0
DA:91,1
DA:92,0
DA:94,0
DA:95,0
DA:96,0
DA:98,0
DA:100,0
DA:101,0
DA:102,0
DA:104,0
DA:112,0
DA:120,0
DA:121,0
DA:122,0
DA:125,0
LF:62
LH:20
BRDA:16,0,0,0
BRDA:16,0,1,0
BRDA:22,1,0,0
BRDA:22,1,1,0
BRDA:38,2,0,0
BRDA:38,2,1,0
BRDA:55,3,0,1
BRDA:55,3,1,2
BRDA:58,4,0,1
BRDA:58,4,1,1
BRDA:79,5,0,0
BRDA:79,5,1,0
BRDA:96,6,0,0
BRDA:96,6,1,0
BRDA:121,7,0,0
BRDA:121,7,1,0
BRF:16
BRH:4
end_of_record
TN:
SF:controllers\projectController.js
FN:6,(anonymous_0)
FN:63,(anonymous_1)
FN:74,(anonymous_2)
FN:92,(anonymous_3)
FN:118,(anonymous_4)
FN:141,(anonymous_5)
FN:165,(anonymous_6)
FNF:7
FNH:3
FNDA:2,(anonymous_0)
FNDA:2,(anonymous_1)
FNDA:2,(anonymous_2)
FNDA:0,(anonymous_3)
FNDA:0,(anonymous_4)
FNDA:0,(anonymous_5)
FNDA:0,(anonymous_6)
DA:2,1
DA:3,1
DA:4,1
DA:6,1
DA:7,2
DA:8,2
DA:9,0
DA:13,2
DA:15,2
DA:16,2
DA:18,2
DA:30,2
DA:33,2
DA:34,1
DA:38,1
DA:51,1
DA:52,1
DA:55,1
DA:57,0
DA:58,0
DA:63,1
DA:64,2
DA:65,2
DA:66,1
DA:68,1
DA:69,1
DA:74,1
DA:75,2
DA:77,2
DA:79,2
DA:80,2
DA:82,2
DA:84,1
DA:86,0
DA:87,0
DA:92,1
DA:93,0
DA:96,0
DA:97,0
DA:100,0
DA:101,0
DA:105,0
DA:106,0
DA:109,0
DA:111,0
DA:112,0
DA:118,1
DA:119,0
DA:120,0
DA:122,0
DA:123,0
DA:124,0
DA:127,0
DA:128,0
DA:131,0
DA:132,0
DA:133,0
DA:135,0
DA:136,0
DA:141,1
DA:142,0
DA:143,0
DA:144,0
DA:146,0
DA:147,0
DA:148,0
DA:151,0
DA:152,0
DA:155,0
DA:156,0
DA:157,0
DA:159,0
DA:160,0
DA:165,1
DA:166,0
DA:167,0
DA:169,0
DA:171,0
DA:173,0
DA:175,0
DA:177,0
DA:178,0
LF:82
LH:34
BRDA:8,0,0,0
BRDA:8,0,1,2
BRDA:13,1,0,0
BRDA:13,1,1,2
BRDA:33,2,0,1
BRDA:33,2,1,1
BRDA:82,3,0,1
BRDA:82,3,1,1
BRDA:96,4,0,0
BRDA:96,4,1,0
BRDA:105,5,0,0
BRDA:105,5,1,0
BRDA:124,6,0,0
BRDA:124,6,1,0
BRDA:127,7,0,0
BRDA:127,7,1,0
BRDA:148,8,0,0
BRDA:148,8,1,0
BRDA:151,9,0,0
BRDA:151,9,1,0
BRDA:151,10,0,0
BRDA:151,10,1,0
BRDA:173,11,0,0
BRDA:173,11,1,0
BRF:24
BRH:6
end_of_record
TN:
SF:models\Project.js
FNF:0
FNH:0
DA:1,1
DA:3,1
DA:63,1
LF:3
LH:3
BRF:0
BRH:0
end_of_record
